app/build_alt/outputs/logs/manifest-merger-debug-report.txt
-- Merging decision tree log ---
provider#androidx.core.content.FileProvider
INJECTED from src\main\AndroidManifest.xml:33:9-41:20
	android:grantUriPermissions
		ADDED from src\main\AndroidManifest.xml:37:13-47
	android:authorities
		INJECTED from src\main\AndroidManifest.xml
		ADDED from src\main\AndroidManifest.xml:35:13-64
	android:exported
		ADDED from src\main\AndroidManifest.xml:36:13-37
	android:name
		ADDED from src\main\AndroidManifest.xml:34:13-62
manifest
ADDED from src\main\AndroidManifest.xml:2:1-44:12
INJECTED from src\main\AndroidManifest.xml:2:1-44:12
INJECTED from src\main\AndroidManifest.xml:2:1-44:12
INJECTED from src\main\AndroidManifest.xml:2:1-44:12
MERGED from [androidx.navigation:navigation-common:2.7.7] AndroidManifest.xml:17:1-22:12
MERGED from [androidx.navigation:navigation-runtime:2.7.7] AndroidManifest.xml:17:1-22:12
MERGED from [androidx.navigation:navigation-common-ktx:2.7.7] AndroidManifest.xml:2:1-7:12
MERGED from [androidx.navigation:navigation-runtime-ktx:2.7.7] AndroidManifest.xml:2:1-7:12
MERGED from [androidx.navigation:navigation-compose:2.7.7] AndroidManifest.xml:2:1-7:12
MERGED from [androidx.compose.material3:material3:1.1.1] AndroidManifest.xml:17:1-22:12
MERGED from [androidx.camera:camera-video:1.3.1] AndroidManifest.xml:2:1-7:12
MERGED from [androidx.camera:camera-lifecycle:1.3.1] AndroidManifest.xml:2:1-7:12
MERGED from [androidx.camera:camera-camera2:1.3.1] AndroidManifest.xml:17:1-36:12
MERGED from [androidx.camera:camera-core:1.3.1] AndroidManifest.xml:17:1-36:12
MERGED from [androidx.camera:camera-view:1.3.1] AndroidManifest.xml:2:1-7:12
MERGED from [io.coil-kt:coil-compose:2.5.0] AndroidManifest.xml:2:1-7:12
MERGED from [io.coil-kt:coil-compose-base:2.5.0] AndroidManifest.xml:2:1-7:12
MERGED from [io.coil-kt:coil:2.5.0] AndroidManifest.xml:2:1-7:12
MERGED from [io.coil-kt:coil-base:2.5.0] AndroidManifest.xml:2:1-7:12
MERGED from [androidx.appcompat:appcompat-resources:1.6.1] AndroidManifest.xml:17:1-22:12
MERGED from [androidx.appcompat:appcompat:1.6.1] AndroidManifest.xml:17:1-22:12
MERGED from [com.google.mlkit:barcode-scanning:17.2.0] AndroidManifest.xml:2:1-7:12
MERGED from [com.google.android.gms:play-services-mlkit-barcode-scanning:18.3.0] AndroidManifest.xml:2:1-18:12
MERGED from [com.google.mlkit:barcode-scanning-common:17.0.0] AndroidManifest.xml:2:1-7:12
MERGED from [com.google.mlkit:vision-common:17.3.0] AndroidManifest.xml:2:1-18:12
MERGED from [com.google.mlkit:common:18.9.0] AndroidManifest.xml:2:1-26:12
MERGED from [com.google.android.gms:play-services-base:18.1.0] AndroidManifest.xml:16:1-24:12
MERGED from [com.google.mlkit:vision-interfaces:16.2.0] AndroidManifest.xml:2:1-7:12
MERGED from [com.google.android.gms:play-services-tasks:18.0.2] AndroidManifest.xml:2:1-6:12
MERGED from [com.google.android.gms:play-services-basement:18.1.0] AndroidManifest.xml:16:1-26:12
MERGED from [androidx.fragment:fragment:1.3.6] AndroidManifest.xml:17:1-24:12
MERGED from [com.google.accompanist:accompanist-drawablepainter:0.32.0] AndroidManifest.xml:17:1-23:12
MERGED from [androidx.compose.animation:animation-core-android:1.5.4] AndroidManifest.xml:2:1-7:12
MERGED from [androidx.compose.animation:animation-android:1.5.4] AndroidManifest.xml:2:1-7:12
MERGED from [androidx.compose.foundation:foundation-layout-android:1.5.4] AndroidManifest.xml:2:1-7:12
MERGED from [androidx.compose.foundation:foundation-android:1.5.4] AndroidManifest.xml:2:1-7:12
MERGED from [androidx.compose.ui:ui-tooling-data-android:1.5.4] AndroidManifest.xml:2:1-7:12
MERGED from [androidx.compose.ui:ui-tooling-preview-android:1.5.4] AndroidManifest.xml:17:1-22:12
MERGED from [androidx.compose.ui:ui-unit-android:1.5.4] AndroidManifest.xml:2:1-7:12
MERGED from [androidx.compose.ui:ui-graphics-android:1.5.4] AndroidManifest.xml:2:1-7:12
MERGED from [androidx.compose.ui:ui-geometry-android:1.5.4] AndroidManifest.xml:2:1-7:12
MERGED from [androidx.compose.ui:ui-util-android:1.5.4] AndroidManifest.xml:2:1-7:12
MERGED from [androidx.compose.ui:ui-text-android:1.5.4] AndroidManifest.xml:2:1-7:12
MERGED from [androidx.compose.ui:ui-tooling-android:1.5.4] AndroidManifest.xml:17:1-28:12
MERGED from [androidx.compose.material:material-android:1.5.0] AndroidManifest.xml:2:1-7:12
MERGED from [androidx.compose.material:material-ripple-android:1.5.0] AndroidManifest.xml:2:1-7:12
MERGED from [androidx.compose.material:material-icons-extended-android:1.5.0] AndroidManifest.xml:2:1-7:12
MERGED from [androidx.compose.material:material-icons-core-android:1.5.0] AndroidManifest.xml:2:1-7:12
MERGED from [androidx.compose.runtime:runtime-saveable-android:1.5.4] AndroidManifest.xml:2:1-7:12
MERGED from [androidx.compose.runtime:runtime-android:1.5.4] AndroidManifest.xml:2:1-7:12
MERGED from [androidx.compose.runtime:runtime-livedata:1.5.4] AndroidManifest.xml:2:1-7:12
MERGED from [androidx.compose.ui:ui-android:1.5.4] AndroidManifest.xml:2:1-7:12
MERGED from [androidx.compose.ui:ui-test-manifest:1.5.4] AndroidManifest.xml:17:1-28:12
MERGED from [androidx.activity:activity:1.8.2] AndroidManifest.xml:17:1-22:12
MERGED from [androidx.activity:activity-compose:1.8.2] AndroidManifest.xml:2:1-7:12
MERGED from [androidx.activity:activity-ktx:1.8.2] AndroidManifest.xml:2:1-7:12
MERGED from [androidx.emoji2:emoji2-views-helper:1.4.0] AndroidManifest.xml:2:1-7:12
MERGED from [androidx.emoji2:emoji2:1.4.0] AndroidManifest.xml:17:1-35:12
MERGED from [androidx.lifecycle:lifecycle-process:2.7.0] AndroidManifest.xml:17:1-35:12
MERGED from [androidx.lifecycle:lifecycle-livedata-core-ktx:2.7.0] AndroidManifest.xml:2:1-7:12
MERGED from [androidx.lifecycle:lifecycle-livedata-core:2.7.0] AndroidManifest.xml:17:1-22:12
MERGED from [androidx.loader:loader:1.0.0] AndroidManifest.xml:17:1-22:12
MERGED from [androidx.lifecycle:lifecycle-livedata:2.7.0] AndroidManifest.xml:17:1-22:12
MERGED from [androidx.savedstate:savedstate-ktx:1.2.1] AndroidManifest.xml:17:1-22:12
MERGED from [androidx.savedstate:savedstate:1.2.1] AndroidManifest.xml:17:1-22:12
MERGED from [androidx.lifecycle:lifecycle-viewmodel-ktx:2.7.0] AndroidManifest.xml:2:1-7:12
MERGED from [androidx.lifecycle:lifecycle-viewmodel:2.7.0] AndroidManifest.xml:17:1-22:12
MERGED from [androidx.lifecycle:lifecycle-viewmodel-savedstate:2.7.0] AndroidManifest.xml:17:1-22:12
MERGED from [androidx.customview:customview-poolingcontainer:1.0.0] AndroidManifest.xml:17:1-23:12
MERGED from [androidx.core:core-ktx:1.12.0] AndroidManifest.xml:2:1-7:12
MERGED from [androidx.vectordrawable:vectordrawable-animated:1.1.0] AndroidManifest.xml:17:1-24:12
MERGED from [androidx.vectordrawable:vectordrawable:1.1.0] AndroidManifest.xml:17:1-24:12
MERGED from [androidx.drawerlayout:drawerlayout:1.0.0] AndroidManifest.xml:17:1-22:12
MERGED from [androidx.autofill:autofill:1.0.0] AndroidManifest.xml:17:1-24:12
MERGED from [androidx.viewpager:viewpager:1.0.0] AndroidManifest.xml:17:1-22:12
MERGED from [androidx.customview:customview:1.0.0] AndroidManifest.xml:17:1-22:12
MERGED from [androidx.core:core:1.12.0] AndroidManifest.xml:17:1-30:12
MERGED from [androidx.lifecycle:lifecycle-runtime:2.7.0] AndroidManifest.xml:2:1-7:12
MERGED from [androidx.lifecycle:lifecycle-viewmodel-compose:2.7.0] AndroidManifest.xml:2:1-7:12
MERGED from [androidx.lifecycle:lifecycle-runtime-ktx:2.7.0] AndroidManifest.xml:17:1-22:12
MERGED from [androidx.room:room-runtime:2.6.1] AndroidManifest.xml:17:1-31:12
MERGED from [androidx.room:room-ktx:2.6.1] AndroidManifest.xml:17:1-22:12
MERGED from [androidx.datastore:datastore-core-android:1.1.1] AndroidManifest.xml:2:1-7:12
MERGED from [androidx.datastore:datastore-android:1.1.1] AndroidManifest.xml:17:1-22:12
MERGED from [androidx.datastore:datastore-preferences-android:1.1.1] AndroidManifest.xml:17:1-22:12
MERGED from [androidx.sqlite:sqlite-framework:2.4.0] AndroidManifest.xml:17:1-22:12
MERGED from [androidx.sqlite:sqlite:2.4.0] AndroidManifest.xml:17:1-22:12
MERGED from [androidx.annotation:annotation-experimental:1.3.1] AndroidManifest.xml:17:1-22:12
MERGED from [androidx.arch.core:core-runtime:2.2.0] AndroidManifest.xml:17:1-22:12
MERGED from [androidx.interpolator:interpolator:1.0.0] AndroidManifest.xml:17:1-22:12
MERGED from [androidx.versionedparcelable:versionedparcelable:1.1.1] AndroidManifest.xml:17:1-27:12
MERGED from [com.google.android.datatransport:transport-backend-cct:2.3.3] AndroidManifest.xml:15:1-38:12
MERGED from [com.google.android.datatransport:transport-runtime:2.2.6] AndroidManifest.xml:15:1-41:12
MERGED from [com.google.android.datatransport:transport-api:2.2.1] AndroidManifest.xml:15:1-22:12
MERGED from [com.google.firebase:firebase-components:16.1.0] AndroidManifest.xml:15:1-23:12
MERGED from [com.google.firebase:firebase-encoders-json:17.1.0] AndroidManifest.xml:15:1-23:12
MERGED from [androidx.profileinstaller:profileinstaller:1.3.1] AndroidManifest.xml:17:1-55:12
MERGED from [androidx.startup:startup-runtime:1.1.1] AndroidManifest.xml:17:1-33:12
MERGED from [androidx.tracing:tracing:1.0.0] AndroidManifest.xml:17:1-24:12
MERGED from [androidx.exifinterface:exifinterface:1.3.6] AndroidManifest.xml:17:1-24:12
MERGED from [androidx.cursoradapter:cursoradapter:1.0.0] AndroidManifest.xml:17:1-22:12
MERGED from [com.google.android.odml:image:1.0.0-beta1] AndroidManifest.xml:2:1-9:12
	package
		INJECTED from src\main\AndroidManifest.xml
	android:versionName
		INJECTED from src\main\AndroidManifest.xml
	xmlns:tools
		ADDED from src\main\AndroidManifest.xml:3:5-51
	android:versionCode
		INJECTED from src\main\AndroidManifest.xml
	xmlns:android
		ADDED from src\main\AndroidManifest.xml:2:11-69
uses-feature#android.hardware.camera.any
ADDED from src\main\AndroidManifest.xml:5:5-64
	android:name
		ADDED from src\main\AndroidManifest.xml:5:19-61
uses-permission#android.permission.CAMERA
ADDED from src\main\AndroidManifest.xml:6:5-65
	android:name
		ADDED from src\main\AndroidManifest.xml:6:22-62
uses-permission#android.permission.INTERNET
ADDED from src\main\AndroidManifest.xml:7:5-67
MERGED from [com.google.android.datatransport:transport-backend-cct:2.3.3] AndroidManifest.xml:26:5-67
MERGED from [com.google.android.datatransport:transport-backend-cct:2.3.3] AndroidManifest.xml:26:5-67
	android:name
		ADDED from src\main\AndroidManifest.xml:7:22-64
uses-permission#android.permission.ACCESS_NETWORK_STATE
ADDED from src\main\AndroidManifest.xml:8:5-79
MERGED from [com.google.android.datatransport:transport-backend-cct:2.3.3] AndroidManifest.xml:25:5-79
MERGED from [com.google.android.datatransport:transport-backend-cct:2.3.3] AndroidManifest.xml:25:5-79
MERGED from [com.google.android.datatransport:transport-runtime:2.2.6] AndroidManifest.xml:22:5-79
MERGED from [com.google.android.datatransport:transport-runtime:2.2.6] AndroidManifest.xml:22:5-79
	android:name
		ADDED from src\main\AndroidManifest.xml:8:22-76
uses-permission#android.permission.VIBRATE
ADDED from src\main\AndroidManifest.xml:9:5-66
	android:name
		ADDED from src\main\AndroidManifest.xml:9:22-63
uses-permission#android.permission.READ_CONTACTS
ADDED from src\main\AndroidManifest.xml:10:5-72
	android:name
		ADDED from src\main\AndroidManifest.xml:10:22-69
application
ADDED from src\main\AndroidManifest.xml:12:5-42:19
INJECTED from src\main\AndroidManifest.xml:12:5-42:19
MERGED from [androidx.camera:camera-camera2:1.3.1] AndroidManifest.xml:23:5-34:19
MERGED from [androidx.camera:camera-camera2:1.3.1] AndroidManifest.xml:23:5-34:19
MERGED from [androidx.camera:camera-core:1.3.1] AndroidManifest.xml:23:5-34:19
MERGED from [androidx.camera:camera-core:1.3.1] AndroidManifest.xml:23:5-34:19
MERGED from [com.google.android.gms:play-services-mlkit-barcode-scanning:18.3.0] AndroidManifest.xml:8:5-16:19
MERGED from [com.google.android.gms:play-services-mlkit-barcode-scanning:18.3.0] AndroidManifest.xml:8:5-16:19
MERGED from [com.google.mlkit:vision-common:17.3.0] AndroidManifest.xml:8:5-16:19
MERGED from [com.google.mlkit:vision-common:17.3.0] AndroidManifest.xml:8:5-16:19
MERGED from [com.google.mlkit:common:18.9.0] AndroidManifest.xml:8:5-24:19
MERGED from [com.google.mlkit:common:18.9.0] AndroidManifest.xml:8:5-24:19
MERGED from [com.google.android.gms:play-services-base:18.1.0] AndroidManifest.xml:19:5-23:19
MERGED from [com.google.android.gms:play-services-base:18.1.0] AndroidManifest.xml:19:5-23:19
MERGED from [com.google.android.gms:play-services-tasks:18.0.2] AndroidManifest.xml:5:5-20
MERGED from [com.google.android.gms:play-services-tasks:18.0.2] AndroidManifest.xml:5:5-20
MERGED from [com.google.android.gms:play-services-basement:18.1.0] AndroidManifest.xml:20:5-24:19
MERGED from [com.google.android.gms:play-services-basement:18.1.0] AndroidManifest.xml:20:5-24:19
MERGED from [androidx.compose.ui:ui-tooling-android:1.5.4] AndroidManifest.xml:22:5-26:19
MERGED from [androidx.compose.ui:ui-tooling-android:1.5.4] AndroidManifest.xml:22:5-26:19
MERGED from [androidx.compose.ui:ui-test-manifest:1.5.4] AndroidManifest.xml:22:5-26:19
MERGED from [androidx.compose.ui:ui-test-manifest:1.5.4] AndroidManifest.xml:22:5-26:19
MERGED from [androidx.emoji2:emoji2:1.4.0] AndroidManifest.xml:23:5-33:19
MERGED from [androidx.emoji2:emoji2:1.4.0] AndroidManifest.xml:23:5-33:19
MERGED from [androidx.lifecycle:lifecycle-process:2.7.0] AndroidManifest.xml:23:5-33:19
MERGED from [androidx.lifecycle:lifecycle-process:2.7.0] AndroidManifest.xml:23:5-33:19
MERGED from [androidx.core:core:1.12.0] AndroidManifest.xml:28:5-89
MERGED from [androidx.core:core:1.12.0] AndroidManifest.xml:28:5-89
MERGED from [androidx.room:room-runtime:2.6.1] AndroidManifest.xml:23:5-29:19
MERGED from [androidx.room:room-runtime:2.6.1] AndroidManifest.xml:23:5-29:19
MERGED from [androidx.versionedparcelable:versionedparcelable:1.1.1] AndroidManifest.xml:24:5-25:19
MERGED from [androidx.versionedparcelable:versionedparcelable:1.1.1] AndroidManifest.xml:24:5-25:19
MERGED from [com.google.android.datatransport:transport-backend-cct:2.3.3] AndroidManifest.xml:28:5-36:19
MERGED from [com.google.android.datatransport:transport-backend-cct:2.3.3] AndroidManifest.xml:28:5-36:19
MERGED from [com.google.android.datatransport:transport-runtime:2.2.6] AndroidManifest.xml:25:5-39:19
MERGED from [com.google.android.datatransport:transport-runtime:2.2.6] AndroidManifest.xml:25:5-39:19
MERGED from [androidx.profileinstaller:profileinstaller:1.3.1] AndroidManifest.xml:23:5-53:19
MERGED from [androidx.profileinstaller:profileinstaller:1.3.1] AndroidManifest.xml:23:5-53:19
MERGED from [androidx.startup:startup-runtime:1.1.1] AndroidManifest.xml:25:5-31:19
MERGED from [androidx.startup:startup-runtime:1.1.1] AndroidManifest.xml:25:5-31:19
MERGED from [com.google.android.odml:image:1.0.0-beta1] AndroidManifest.xml:7:5-20
MERGED from [com.google.android.odml:image:1.0.0-beta1] AndroidManifest.xml:7:5-20
	android:extractNativeLibs
		INJECTED from src\main\AndroidManifest.xml
	android.roundIcon
		ADDED from src\main\AndroidManifest.xml:18:9-54
	android:appComponentFactory
		ADDED from [androidx.core:core:1.12.0] AndroidManifest.xml:28:18-86
	android:supportsRtl
		ADDED from src\main\AndroidManifest.xml:19:9-35
	android:label
		ADDED from src\main\AndroidManifest.xml:17:9-41
	android:fullBackupContent
		ADDED from src\main\AndroidManifest.xml:15:9-54
	tools:targetApi
		ADDED from src\main\AndroidManifest.xml:21:9-29
	android:icon
		ADDED from src\main\AndroidManifest.xml:16:9-43
	android:allowBackup
		ADDED from src\main\AndroidManifest.xml:13:9-35
	android:theme
		ADDED from src\main\AndroidManifest.xml:20:9-48
	android:dataExtractionRules
		ADDED from src\main\AndroidManifest.xml:14:9-65
activity#com.kiranaflow.app.MainActivity
ADDED from src\main\AndroidManifest.xml:22:9-31:20
	android:exported
		ADDED from src\main\AndroidManifest.xml:24:13-36
	android:theme
		ADDED from src\main\AndroidManifest.xml:25:13-52
	android:name
		ADDED from src\main\AndroidManifest.xml:23:13-41
intent-filter#action:name:android.intent.action.MAIN+category:name:android.intent.category.LAUNCHER
ADDED from src\main\AndroidManifest.xml:26:13-30:29
action#android.intent.action.MAIN
ADDED from src\main\AndroidManifest.xml:27:17-69
	android:name
		ADDED from src\main\AndroidManifest.xml:27:25-66
category#android.intent.category.LAUNCHER
ADDED from src\main\AndroidManifest.xml:29:17-77
	android:name
		ADDED from src\main\AndroidManifest.xml:29:27-74
meta-data#android.support.FILE_PROVIDER_PATHS
ADDED from src\main\AndroidManifest.xml:38:13-40:54
	android:resource
		ADDED from src\main\AndroidManifest.xml:40:17-51
	android:name
		ADDED from src\main\AndroidManifest.xml:39:17-67
uses-sdk
INJECTED from src\main\AndroidManifest.xml reason: use-sdk injection requested
INJECTED from src\main\AndroidManifest.xml
INJECTED from src\main\AndroidManifest.xml
MERGED from [androidx.navigation:navigation-common:2.7.7] AndroidManifest.xml:20:5-44
MERGED from [androidx.navigation:navigation-common:2.7.7] AndroidManifest.xml:20:5-44
MERGED from [androidx.navigation:navigation-runtime:2.7.7] AndroidManifest.xml:20:5-44
MERGED from [androidx.navigation:navigation-runtime:2.7.7] AndroidManifest.xml:20:5-44
MERGED from [androidx.navigation:navigation-common-ktx:2.7.7] AndroidManifest.xml:5:5-44
MERGED from [androidx.navigation:navigation-common-ktx:2.7.7] AndroidManifest.xml:5:5-44
MERGED from [androidx.navigation:navigation-runtime-ktx:2.7.7] AndroidManifest.xml:5:5-44
MERGED from [androidx.navigation:navigation-runtime-ktx:2.7.7] AndroidManifest.xml:5:5-44
MERGED from [androidx.navigation:navigation-compose:2.7.7] AndroidManifest.xml:5:5-44
MERGED from [androidx.navigation:navigation-compose:2.7.7] AndroidManifest.xml:5:5-44
MERGED from [androidx.compose.material3:material3:1.1.1] AndroidManifest.xml:20:5-44
MERGED from [androidx.compose.material3:material3:1.1.1] AndroidManifest.xml:20:5-44
MERGED from [androidx.camera:camera-video:1.3.1] AndroidManifest.xml:5:5-44
MERGED from [androidx.camera:camera-video:1.3.1] AndroidManifest.xml:5:5-44
MERGED from [androidx.camera:camera-lifecycle:1.3.1] AndroidManifest.xml:5:5-44
MERGED from [androidx.camera:camera-lifecycle:1.3.1] AndroidManifest.xml:5:5-44
MERGED from [androidx.camera:camera-camera2:1.3.1] AndroidManifest.xml:21:5-44
MERGED from [androidx.camera:camera-camera2:1.3.1] AndroidManifest.xml:21:5-44
MERGED from [androidx.camera:camera-core:1.3.1] AndroidManifest.xml:21:5-44
MERGED from [androidx.camera:camera-core:1.3.1] AndroidManifest.xml:21:5-44
MERGED from [androidx.camera:camera-view:1.3.1] AndroidManifest.xml:5:5-44
MERGED from [androidx.camera:camera-view:1.3.1] AndroidManifest.xml:5:5-44
MERGED from [io.coil-kt:coil-compose:2.5.0] AndroidManifest.xml:5:5-44
MERGED from [io.coil-kt:coil-compose:2.5.0] AndroidManifest.xml:5:5-44
MERGED from [io.coil-kt:coil-compose-base:2.5.0] AndroidManifest.xml:5:5-44
MERGED from [io.coil-kt:coil-compose-base:2.5.0] AndroidManifest.xml:5:5-44
MERGED from [io.coil-kt:coil:2.5.0] AndroidManifest.xml:5:5-44
MERGED from [io.coil-kt:coil:2.5.0] AndroidManifest.xml:5:5-44
MERGED from [io.coil-kt:coil-base:2.5.0] AndroidManifest.xml:5:5-44
MERGED from [io.coil-kt:coil-base:2.5.0] AndroidManifest.xml:5:5-44
MERGED from [androidx.appcompat:appcompat-resources:1.6.1] AndroidManifest.xml:20:5-44
MERGED from [androidx.appcompat:appcompat-resources:1.6.1] AndroidManifest.xml:20:5-44
MERGED from [androidx.appcompat:appcompat:1.6.1] AndroidManifest.xml:20:5-44
MERGED from [androidx.appcompat:appcompat:1.6.1] AndroidManifest.xml:20:5-44
MERGED from [com.google.mlkit:barcode-scanning:17.2.0] AndroidManifest.xml:5:5-44
MERGED from [com.google.mlkit:barcode-scanning:17.2.0] AndroidManifest.xml:5:5-44
MERGED from [com.google.android.gms:play-services-mlkit-barcode-scanning:18.3.0] AndroidManifest.xml:6:5-44
MERGED from [com.google.android.gms:play-services-mlkit-barcode-scanning:18.3.0] AndroidManifest.xml:6:5-44
MERGED from [com.google.mlkit:barcode-scanning-common:17.0.0] AndroidManifest.xml:5:5-44
MERGED from [com.google.mlkit:barcode-scanning-common:17.0.0] AndroidManifest.xml:5:5-44
MERGED from [com.google.mlkit:vision-common:17.3.0] AndroidManifest.xml:6:5-44
MERGED from [com.google.mlkit:vision-common:17.3.0] AndroidManifest.xml:6:5-44
MERGED from [com.google.mlkit:common:18.9.0] AndroidManifest.xml:6:5-44
MERGED from [com.google.mlkit:common:18.9.0] AndroidManifest.xml:6:5-44
MERGED from [com.google.android.gms:play-services-base:18.1.0] AndroidManifest.xml:18:5-43
MERGED from [com.google.android.gms:play-services-base:18.1.0] AndroidManifest.xml:18:5-43
MERGED from [com.google.mlkit:vision-interfaces:16.2.0] AndroidManifest.xml:5:5-44
MERGED from [com.google.mlkit:vision-interfaces:16.2.0] AndroidManifest.xml:5:5-44
MERGED from [com.google.android.gms:play-services-tasks:18.0.2] AndroidManifest.xml:4:5-43
MERGED from [com.google.android.gms:play-services-tasks:18.0.2] AndroidManifest.xml:4:5-43
MERGED from [com.google.android.gms:play-services-basement:18.1.0] AndroidManifest.xml:18:5-43
MERGED from [com.google.android.gms:play-services-basement:18.1.0] AndroidManifest.xml:18:5-43
MERGED from [androidx.fragment:fragment:1.3.6] AndroidManifest.xml:20:5-22:41
MERGED from [androidx.fragment:fragment:1.3.6] AndroidManifest.xml:20:5-22:41
MERGED from [com.google.accompanist:accompanist-drawablepainter:0.32.0] AndroidManifest.xml:21:5-44
MERGED from [com.google.accompanist:accompanist-drawablepainter:0.32.0] AndroidManifest.xml:21:5-44
MERGED from [androidx.compose.animation:animation-core-android:1.5.4] AndroidManifest.xml:5:5-44
MERGED from [androidx.compose.animation:animation-core-android:1.5.4] AndroidManifest.xml:5:5-44
MERGED from [androidx.compose.animation:animation-android:1.5.4] AndroidManifest.xml:5:5-44
MERGED from [androidx.compose.animation:animation-android:1.5.4] AndroidManifest.xml:5:5-44
MERGED from [androidx.compose.foundation:foundation-layout-android:1.5.4] AndroidManifest.xml:5:5-44
MERGED from [androidx.compose.foundation:foundation-layout-android:1.5.4] AndroidManifest.xml:5:5-44
MERGED from [androidx.compose.foundation:foundation-android:1.5.4] AndroidManifest.xml:5:5-44
MERGED from [androidx.compose.foundation:foundation-android:1.5.4] AndroidManifest.xml:5:5-44
MERGED from [androidx.compose.ui:ui-tooling-data-android:1.5.4] AndroidManifest.xml:5:5-44
MERGED from [androidx.compose.ui:ui-tooling-data-android:1.5.4] AndroidManifest.xml:5:5-44
MERGED from [androidx.compose.ui:ui-tooling-preview-android:1.5.4] AndroidManifest.xml:20:5-44
MERGED from [androidx.compose.ui:ui-tooling-preview-android:1.5.4] AndroidManifest.xml:20:5-44
MERGED from [androidx.compose.ui:ui-unit-android:1.5.4] AndroidManifest.xml:5:5-44
MERGED from [androidx.compose.ui:ui-unit-android:1.5.4] AndroidManifest.xml:5:5-44
MERGED from [androidx.compose.ui:ui-graphics-android:1.5.4] AndroidManifest.xml:5:5-44
MERGED from [androidx.compose.ui:ui-graphics-android:1.5.4] AndroidManifest.xml:5:5-44
MERGED from [androidx.compose.ui:ui-geometry-android:1.5.4] AndroidManifest.xml:5:5-44
MERGED from [androidx.compose.ui:ui-geometry-android:1.5.4] AndroidManifest.xml:5:5-44
MERGED from [androidx.compose.ui:ui-util-android:1.5.4] AndroidManifest.xml:5:5-44
MERGED from [androidx.compose.ui:ui-util-android:1.5.4] AndroidManifest.xml:5:5-44
MERGED from [androidx.compose.ui:ui-text-android:1.5.4] AndroidManifest.xml:5:5-44
MERGED from [androidx.compose.ui:ui-text-android:1.5.4] AndroidManifest.xml:5:5-44
MERGED from [androidx.compose.ui:ui-tooling-android:1.5.4] AndroidManifest.xml:20:5-44
MERGED from [androidx.compose.ui:ui-tooling-android:1.5.4] AndroidManifest.xml:20:5-44
MERGED from [androidx.compose.material:material-android:1.5.0] AndroidManifest.xml:5:5-44
MERGED from [androidx.compose.material:material-android:1.5.0] AndroidManifest.xml:5:5-44
MERGED from [androidx.compose.material:material-ripple-android:1.5.0] AndroidManifest.xml:5:5-44
MERGED from [androidx.compose.material:material-ripple-android:1.5.0] AndroidManifest.xml:5:5-44
MERGED from [androidx.compose.material:material-icons-extended-android:1.5.0] AndroidManifest.xml:5:5-44
MERGED from [androidx.compose.material:material-icons-extended-android:1.5.0] AndroidManifest.xml:5:5-44
MERGED from [androidx.compose.material:material-icons-core-android:1.5.0] AndroidManifest.xml:5:5-44
MERGED from [androidx.compose.material:material-icons-core-android:1.5.0] AndroidManifest.xml:5:5-44
MERGED from [androidx.compose.runtime:runtime-saveable-android:1.5.4] AndroidManifest.xml:5:5-44
MERGED from [androidx.compose.runtime:runtime-saveable-android:1.5.4] AndroidManifest.xml:5:5-44
MERGED from [androidx.compose.runtime:runtime-android:1.5.4] AndroidManifest.xml:5:5-44
MERGED from [androidx.compose.runtime:runtime-android:1.5.4] AndroidManifest.xml:5:5-44
MERGED from [androidx.compose.runtime:runtime-livedata:1.5.4] AndroidManifest.xml:5:5-44
MERGED from [androidx.compose.runtime:runtime-livedata:1.5.4] AndroidManifest.xml:5:5-44
MERGED from [androidx.compose.ui:ui-android:1.5.4] AndroidManifest.xml:5:5-44
MERGED from [androidx.compose.ui:ui-android:1.5.4] AndroidManifest.xml:5:5-44
MERGED from [androidx.compose.ui:ui-test-manifest:1.5.4] AndroidManifest.xml:20:5-44
MERGED from [androidx.compose.ui:ui-test-manifest:1.5.4] AndroidManifest.xml:20:5-44
MERGED from [androidx.activity:activity:1.8.2] AndroidManifest.xml:20:5-44
MERGED from [androidx.activity:activity:1.8.2] AndroidManifest.xml:20:5-44
MERGED from [androidx.activity:activity-compose:1.8.2] AndroidManifest.xml:5:5-44
MERGED from [androidx.activity:activity-compose:1.8.2] AndroidManifest.xml:5:5-44
MERGED from [androidx.activity:activity-ktx:1.8.2] AndroidManifest.xml:5:5-44
MERGED from [androidx.activity:activity-ktx:1.8.2] AndroidManifest.xml:5:5-44
MERGED from [androidx.emoji2:emoji2-views-helper:1.4.0] AndroidManifest.xml:5:5-44
MERGED from [androidx.emoji2:emoji2-views-helper:1.4.0] AndroidManifest.xml:5:5-44
MERGED from [androidx.emoji2:emoji2:1.4.0] AndroidManifest.xml:21:5-44
MERGED from [androidx.emoji2:emoji2:1.4.0] AndroidManifest.xml:21:5-44
MERGED from [androidx.lifecycle:lifecycle-process:2.7.0] AndroidManifest.xml:21:5-44
MERGED from [androidx.lifecycle:lifecycle-process:2.7.0] AndroidManifest.xml:21:5-44
MERGED from [androidx.lifecycle:lifecycle-livedata-core-ktx:2.7.0] AndroidManifest.xml:5:5-44
MERGED from [androidx.lifecycle:lifecycle-livedata-core-ktx:2.7.0] AndroidManifest.xml:5:5-44
MERGED from [androidx.lifecycle:lifecycle-livedata-core:2.7.0] AndroidManifest.xml:20:5-44
MERGED from [androidx.lifecycle:lifecycle-livedata-core:2.7.0] AndroidManifest.xml:20:5-44
MERGED from [androidx.loader:loader:1.0.0] AndroidManifest.xml:20:5-44
MERGED from [androidx.loader:loader:1.0.0] AndroidManifest.xml:20:5-44
MERGED from [androidx.lifecycle:lifecycle-livedata:2.7.0] AndroidManifest.xml:20:5-44
MERGED from [androidx.lifecycle:lifecycle-livedata:2.7.0] AndroidManifest.xml:20:5-44
MERGED from [androidx.savedstate:savedstate-ktx:1.2.1] AndroidManifest.xml:20:5-44
MERGED from [androidx.savedstate:savedstate-ktx:1.2.1] AndroidManifest.xml:20:5-44
MERGED from [androidx.savedstate:savedstate:1.2.1] AndroidManifest.xml:20:5-44
MERGED from [androidx.savedstate:savedstate:1.2.1] AndroidManifest.xml:20:5-44
MERGED from [androidx.lifecycle:lifecycle-viewmodel-ktx:2.7.0] AndroidManifest.xml:5:5-44
MERGED from [androidx.lifecycle:lifecycle-viewmodel-ktx:2.7.0] AndroidManifest.xml:5:5-44
MERGED from [androidx.lifecycle:lifecycle-viewmodel:2.7.0] AndroidManifest.xml:20:5-44
MERGED from [androidx.lifecycle:lifecycle-viewmodel:2.7.0] AndroidManifest.xml:20:5-44
MERGED from [androidx.lifecycle:lifecycle-viewmodel-savedstate:2.7.0] AndroidManifest.xml:20:5-44
MERGED from [androidx.lifecycle:lifecycle-viewmodel-savedstate:2.7.0] AndroidManifest.xml:20:5-44
MERGED from [androidx.customview:customview-poolingcontainer:1.0.0] AndroidManifest.xml:20:5-21:38
MERGED from [androidx.customview:customview-poolingcontainer:1.0.0] AndroidManifest.xml:20:5-21:38
MERGED from [androidx.core:core-ktx:1.12.0] AndroidManifest.xml:5:5-44
MERGED from [androidx.core:core-ktx:1.12.0] AndroidManifest.xml:5:5-44
MERGED from [androidx.vectordrawable:vectordrawable-animated:1.1.0] AndroidManifest.xml:20:5-22:41
MERGED from [androidx.vectordrawable:vectordrawable-animated:1.1.0] AndroidManifest.xml:20:5-22:41
MERGED from [androidx.vectordrawable:vectordrawable:1.1.0] AndroidManifest.xml:20:5-22:41
MERGED from [androidx.vectordrawable:vectordrawable:1.1.0] AndroidManifest.xml:20:5-22:41
MERGED from [androidx.drawerlayout:drawerlayout:1.0.0] AndroidManifest.xml:20:5-44
MERGED from [androidx.drawerlayout:drawerlayout:1.0.0] AndroidManifest.xml:20:5-44
MERGED from [androidx.autofill:autofill:1.0.0] AndroidManifest.xml:20:5-22:41
MERGED from [androidx.autofill:autofill:1.0.0] AndroidManifest.xml:20:5-22:41
MERGED from [androidx.viewpager:viewpager:1.0.0] AndroidManifest.xml:20:5-44
MERGED from [androidx.viewpager:viewpager:1.0.0] AndroidManifest.xml:20:5-44
MERGED from [androidx.customview:customview:1.0.0] AndroidManifest.xml:20:5-44
MERGED from [androidx.customview:customview:1.0.0] AndroidManifest.xml:20:5-44
MERGED from [androidx.core:core:1.12.0] AndroidManifest.xml:20:5-44
MERGED from [androidx.core:core:1.12.0] AndroidManifest.xml:20:5-44
MERGED from [androidx.lifecycle:lifecycle-runtime:2.7.0] AndroidManifest.xml:5:5-44
MERGED from [androidx.lifecycle:lifecycle-runtime:2.7.0] AndroidManifest.xml:5:5-44
MERGED from [androidx.lifecycle:lifecycle-viewmodel-compose:2.7.0] AndroidManifest.xml:5:5-44
MERGED from [androidx.lifecycle:lifecycle-viewmodel-compose:2.7.0] AndroidManifest.xml:5:5-44
MERGED from [androidx.lifecycle:lifecycle-runtime-ktx:2.7.0] AndroidManifest.xml:20:5-44
MERGED from [androidx.lifecycle:lifecycle-runtime-ktx:2.7.0] AndroidManifest.xml:20:5-44
MERGED from [androidx.room:room-runtime:2.6.1] AndroidManifest.xml:21:5-44
MERGED from [androidx.room:room-runtime:2.6.1] AndroidManifest.xml:21:5-44
MERGED from [androidx.room:room-ktx:2.6.1] AndroidManifest.xml:20:5-44